{"uuid":"7d184d87-7c21-4a47-89f8-d47183a02169","historyId":"2fd35d8e44abdc399c662abae43c492a","testCaseId":"[engine:junit-jupiter]/[class:com.apptest.AppPlaywrightTest]/[method:testOnWebkit()]","testCaseName":"testOnWebkit()","fullName":"com.apptest.AppPlaywrightTest.testOnWebkit","labels":[{"name":"junit.platform.uniqueid","value":"[engine:junit-jupiter]/[class:com.apptest.AppPlaywrightTest]/[method:testOnWebkit()]"},{"name":"host","value":"ubuntu"},{"name":"thread","value":"11547@ubuntu.main(1)"},{"name":"framework","value":"junit-platform"},{"name":"language","value":"java"},{"name":"package","value":"com.apptest.AppPlaywrightTest"},{"name":"testClass","value":"com.apptest.AppPlaywrightTest"},{"name":"testMethod","value":"testOnWebkit"},{"name":"suite","value":"com.apptest.AppPlaywrightTest"}],"links":[],"name":"testOnWebkit()","status":"broken","statusDetails":{"known":false,"muted":false,"flaky":false,"message":"Error {\n  message='\n╔══════════════════════════════════════════════════════╗\n║ Host system is missing dependencies to run browsers. ║\n║ Missing libraries:                                   ║\n║     libicudata.so.70                                 ║\n║     libicui18n.so.70                                 ║\n║     libicuuc.so.70                                   ║\n║     libvpx.so.7                                      ║\n║     libevent-2.1.so.7                                ║\n╚══════════════════════════════════════════════════════╝\n  name='Error\n  stack='Error: \n╔══════════════════════════════════════════════════════╗\n║ Host system is missing dependencies to run browsers. ║\n║ Missing libraries:                                   ║\n║     libicudata.so.70                                 ║\n║     libicui18n.so.70                                 ║\n║     libicuuc.so.70                                   ║\n║     libvpx.so.7                                      ║\n║     libevent-2.1.so.7                                ║\n╚══════════════════════════════════════════════════════╝\n    at validateDependenciesLinux (/tmp/playwright-java-9126381418395352622/package/lib/server/registry/dependencies.js:216:9)\n    at process.processTicksAndRejections (node:internal/process/task_queues:95:5)\n    at async Registry._validateHostRequirements (/tmp/playwright-java-9126381418395352622/package/lib/server/registry/index.js:587:43)\n    at async Registry._validateHostRequirementsForExecutableIfNeeded (/tmp/playwright-java-9126381418395352622/package/lib/server/registry/index.js:685:7)\n    at async Registry.validateHostRequirementsForExecutablesIfNeeded (/tmp/playwright-java-9126381418395352622/package/lib/server/registry/index.js:674:43)\n    at async WebKit._launchProcess (/tmp/playwright-java-9126381418395352622/package/lib/server/browserType.js:167:7)\n    at async WebKit._innerLaunch (/tmp/playwright-java-9126381418395352622/package/lib/server/browserType.js:103:9)\n    at async WebKit._innerLaunchWithRetries (/tmp/playwright-java-9126381418395352622/package/lib/server/browserType.js:84:14)\n    at async ProgressController.run (/tmp/playwright-java-9126381418395352622/package/lib/server/progress.js:82:22)\n    at async WebKit.launch (/tmp/playwright-java-9126381418395352622/package/lib/server/browserType.js:61:21)\n}","trace":"com.microsoft.playwright.PlaywrightException: Error {\n  message='\n╔══════════════════════════════════════════════════════╗\n║ Host system is missing dependencies to run browsers. ║\n║ Missing libraries:                                   ║\n║     libicudata.so.70                                 ║\n║     libicui18n.so.70                                 ║\n║     libicuuc.so.70                                   ║\n║     libvpx.so.7                                      ║\n║     libevent-2.1.so.7                                ║\n╚══════════════════════════════════════════════════════╝\n  name='Error\n  stack='Error: \n╔══════════════════════════════════════════════════════╗\n║ Host system is missing dependencies to run browsers. ║\n║ Missing libraries:                                   ║\n║     libicudata.so.70                                 ║\n║     libicui18n.so.70                                 ║\n║     libicuuc.so.70                                   ║\n║     libvpx.so.7                                      ║\n║     libevent-2.1.so.7                                ║\n╚══════════════════════════════════════════════════════╝\n    at validateDependenciesLinux (/tmp/playwright-java-9126381418395352622/package/lib/server/registry/dependencies.js:216:9)\n    at process.processTicksAndRejections (node:internal/process/task_queues:95:5)\n    at async Registry._validateHostRequirements (/tmp/playwright-java-9126381418395352622/package/lib/server/registry/index.js:587:43)\n    at async Registry._validateHostRequirementsForExecutableIfNeeded (/tmp/playwright-java-9126381418395352622/package/lib/server/registry/index.js:685:7)\n    at async Registry.validateHostRequirementsForExecutablesIfNeeded (/tmp/playwright-java-9126381418395352622/package/lib/server/registry/index.js:674:43)\n    at async WebKit._launchProcess (/tmp/playwright-java-9126381418395352622/package/lib/server/browserType.js:167:7)\n    at async WebKit._innerLaunch (/tmp/playwright-java-9126381418395352622/package/lib/server/browserType.js:103:9)\n    at async WebKit._innerLaunchWithRetries (/tmp/playwright-java-9126381418395352622/package/lib/server/browserType.js:84:14)\n    at async ProgressController.run (/tmp/playwright-java-9126381418395352622/package/lib/server/progress.js:82:22)\n    at async WebKit.launch (/tmp/playwright-java-9126381418395352622/package/lib/server/browserType.js:61:21)\n}\n\tat com.microsoft.playwright.impl.WaitableResult.get(WaitableResult.java:56)\n\tat com.microsoft.playwright.impl.ChannelOwner.runUntil(ChannelOwner.java:120)\n\tat com.microsoft.playwright.impl.Connection.sendMessage(Connection.java:130)\n\tat com.microsoft.playwright.impl.ChannelOwner.sendMessage(ChannelOwner.java:106)\n\tat com.microsoft.playwright.impl.BrowserTypeImpl.launchImpl(BrowserTypeImpl.java:50)\n\tat com.microsoft.playwright.impl.BrowserTypeImpl.lambda$launch$0(BrowserTypeImpl.java:42)\n\tat com.microsoft.playwright.impl.LoggingSupport.withLogging(LoggingSupport.java:47)\n\tat com.microsoft.playwright.impl.ChannelOwner.withLogging(ChannelOwner.java:89)\n\tat com.microsoft.playwright.impl.BrowserTypeImpl.launch(BrowserTypeImpl.java:42)\n\tat com.microsoft.playwright.impl.BrowserTypeImpl.launch(BrowserTypeImpl.java:35)\n\tat com.Base.BaseTest.launchBrowser(BaseTest.java:40)\n\tat com.apptest.AppPlaywrightTest.testOnWebkit(AppPlaywrightTest.java:26)\n\tat java.base/jdk.internal.reflect.DirectMethodHandleAccessor.invoke(DirectMethodHandleAccessor.java:103)\n\tat java.base/java.lang.reflect.Method.invoke(Method.java:580)\n\tat org.junit.platform.commons.util.ReflectionUtils.invokeMethod(ReflectionUtils.java:728)\n\tat org.junit.jupiter.engine.execution.MethodInvocation.proceed(MethodInvocation.java:60)\n\tat org.junit.jupiter.engine.execution.InvocationInterceptorChain$ValidatingInvocation.proceed(InvocationInterceptorChain.java:131)\n\tat org.junit.jupiter.engine.extension.TimeoutExtension.intercept(TimeoutExtension.java:156)\n\tat org.junit.jupiter.engine.extension.TimeoutExtension.interceptTestableMethod(TimeoutExtension.java:147)\n\tat org.junit.jupiter.engine.extension.TimeoutExtension.interceptTestMethod(TimeoutExtension.java:86)\n\tat org.junit.jupiter.engine.execution.InterceptingExecutableInvoker$ReflectiveInterceptorCall.lambda$ofVoidMethod$0(InterceptingExecutableInvoker.java:103)\n\tat org.junit.jupiter.engine.execution.InterceptingExecutableInvoker.lambda$invoke$0(InterceptingExecutableInvoker.java:93)\n\tat org.junit.jupiter.engine.execution.InvocationInterceptorChain$InterceptedInvocation.proceed(InvocationInterceptorChain.java:106)\n\tat org.junit.jupiter.engine.execution.InvocationInterceptorChain.proceed(InvocationInterceptorChain.java:64)\n\tat org.junit.jupiter.engine.execution.InvocationInterceptorChain.chainAndInvoke(InvocationInterceptorChain.java:45)\n\tat org.junit.jupiter.engine.execution.InvocationInterceptorChain.invoke(InvocationInterceptorChain.java:37)\n\tat org.junit.jupiter.engine.execution.InterceptingExecutableInvoker.invoke(InterceptingExecutableInvoker.java:92)\n\tat org.junit.jupiter.engine.execution.InterceptingExecutableInvoker.invoke(InterceptingExecutableInvoker.java:86)\n\tat org.junit.jupiter.engine.descriptor.TestMethodTestDescriptor.lambda$invokeTestMethod$7(TestMethodTestDescriptor.java:218)\n\tat org.junit.platform.engine.support.hierarchical.ThrowableCollector.execute(ThrowableCollector.java:73)\n\tat org.junit.jupiter.engine.descriptor.TestMethodTestDescriptor.invokeTestMethod(TestMethodTestDescriptor.java:214)\n\tat org.junit.jupiter.engine.descriptor.TestMethodTestDescriptor.execute(TestMethodTestDescriptor.java:139)\n\tat org.junit.jupiter.engine.descriptor.TestMethodTestDescriptor.execute(TestMethodTestDescriptor.java:69)\n\tat org.junit.platform.engine.support.hierarchical.NodeTestTask.lambda$executeRecursively$6(NodeTestTask.java:151)\n\tat org.junit.platform.engine.support.hierarchical.ThrowableCollector.execute(ThrowableCollector.java:73)\n\tat org.junit.platform.engine.support.hierarchical.NodeTestTask.lambda$executeRecursively$8(NodeTestTask.java:141)\n\tat org.junit.platform.engine.support.hierarchical.Node.around(Node.java:137)\n\tat org.junit.platform.engine.support.hierarchical.NodeTestTask.lambda$executeRecursively$9(NodeTestTask.java:139)\n\tat org.junit.platform.engine.support.hierarchical.ThrowableCollector.execute(ThrowableCollector.java:73)\n\tat org.junit.platform.engine.support.hierarchical.NodeTestTask.executeRecursively(NodeTestTask.java:138)\n\tat org.junit.platform.engine.support.hierarchical.NodeTestTask.execute(NodeTestTask.java:95)\n\tat java.base/java.util.ArrayList.forEach(ArrayList.java:1597)\n\tat org.junit.platform.engine.support.hierarchical.SameThreadHierarchicalTestExecutorService.invokeAll(SameThreadHierarchicalTestExecutorService.java:41)\n\tat org.junit.platform.engine.support.hierarchical.NodeTestTask.lambda$executeRecursively$6(NodeTestTask.java:155)\n\tat org.junit.platform.engine.support.hierarchical.ThrowableCollector.execute(ThrowableCollector.java:73)\n\tat org.junit.platform.engine.support.hierarchical.NodeTestTask.lambda$executeRecursively$8(NodeTestTask.java:141)\n\tat org.junit.platform.engine.support.hierarchical.Node.around(Node.java:137)\n\tat org.junit.platform.engine.support.hierarchical.NodeTestTask.lambda$executeRecursively$9(NodeTestTask.java:139)\n\tat org.junit.platform.engine.support.hierarchical.ThrowableCollector.execute(ThrowableCollector.java:73)\n\tat org.junit.platform.engine.support.hierarchical.NodeTestTask.executeRecursively(NodeTestTask.java:138)\n\tat org.junit.platform.engine.support.hierarchical.NodeTestTask.execute(NodeTestTask.java:95)\n\tat java.base/java.util.ArrayList.forEach(ArrayList.java:1597)\n\tat org.junit.platform.engine.support.hierarchical.SameThreadHierarchicalTestExecutorService.invokeAll(SameThreadHierarchicalTestExecutorService.java:41)\n\tat org.junit.platform.engine.support.hierarchical.NodeTestTask.lambda$executeRecursively$6(NodeTestTask.java:155)\n\tat org.junit.platform.engine.support.hierarchical.ThrowableCollector.execute(ThrowableCollector.java:73)\n\tat org.junit.platform.engine.support.hierarchical.NodeTestTask.lambda$executeRecursively$8(NodeTestTask.java:141)\n\tat org.junit.platform.engine.support.hierarchical.Node.around(Node.java:137)\n\tat org.junit.platform.engine.support.hierarchical.NodeTestTask.lambda$executeRecursively$9(NodeTestTask.java:139)\n\tat org.junit.platform.engine.support.hierarchical.ThrowableCollector.execute(ThrowableCollector.java:73)\n\tat org.junit.platform.engine.support.hierarchical.NodeTestTask.executeRecursively(NodeTestTask.java:138)\n\tat org.junit.platform.engine.support.hierarchical.NodeTestTask.execute(NodeTestTask.java:95)\n\tat org.junit.platform.engine.support.hierarchical.SameThreadHierarchicalTestExecutorService.submit(SameThreadHierarchicalTestExecutorService.java:35)\n\tat org.junit.platform.engine.support.hierarchical.HierarchicalTestExecutor.execute(HierarchicalTestExecutor.java:57)\n\tat org.junit.platform.engine.support.hierarchical.HierarchicalTestEngine.execute(HierarchicalTestEngine.java:54)\n\tat org.junit.platform.launcher.core.EngineExecutionOrchestrator.execute(EngineExecutionOrchestrator.java:147)\n\tat org.junit.platform.launcher.core.EngineExecutionOrchestrator.execute(EngineExecutionOrchestrator.java:127)\n\tat org.junit.platform.launcher.core.EngineExecutionOrchestrator.execute(EngineExecutionOrchestrator.java:90)\n\tat org.junit.platform.launcher.core.EngineExecutionOrchestrator.lambda$execute$0(EngineExecutionOrchestrator.java:55)\n\tat org.junit.platform.launcher.core.EngineExecutionOrchestrator.withInterceptedStreams(EngineExecutionOrchestrator.java:102)\n\tat org.junit.platform.launcher.core.EngineExecutionOrchestrator.execute(EngineExecutionOrchestrator.java:54)\n\tat org.junit.platform.launcher.core.DefaultLauncher.execute(DefaultLauncher.java:114)\n\tat org.junit.platform.launcher.core.DefaultLauncher.execute(DefaultLauncher.java:86)\n\tat org.junit.platform.launcher.core.DefaultLauncherSession$DelegatingLauncher.execute(DefaultLauncherSession.java:86)\n\tat org.junit.platform.launcher.core.SessionPerRequestLauncher.execute(SessionPerRequestLauncher.java:53)\n\tat com.intellij.junit5.JUnit5IdeaTestRunner.startRunnerWithArgs(JUnit5IdeaTestRunner.java:57)\n\tat com.intellij.rt.junit.IdeaTestRunner$Repeater$1.execute(IdeaTestRunner.java:38)\n\tat com.intellij.rt.execution.junit.TestsRepeater.repeat(TestsRepeater.java:11)\n\tat com.intellij.rt.junit.IdeaTestRunner$Repeater.startRunnerWithArgs(IdeaTestRunner.java:35)\n\tat com.intellij.rt.junit.JUnitStarter.prepareStreamsAndStart(JUnitStarter.java:231)\n\tat com.intellij.rt.junit.JUnitStarter.main(JUnitStarter.java:55)\nCaused by: com.microsoft.playwright.impl.DriverException: Error {\n  message='\n╔══════════════════════════════════════════════════════╗\n║ Host system is missing dependencies to run browsers. ║\n║ Missing libraries:                                   ║\n║     libicudata.so.70                                 ║\n║     libicui18n.so.70                                 ║\n║     libicuuc.so.70                                   ║\n║     libvpx.so.7                                      ║\n║     libevent-2.1.so.7                                ║\n╚══════════════════════════════════════════════════════╝\n  name='Error\n  stack='Error: \n╔══════════════════════════════════════════════════════╗\n║ Host system is missing dependencies to run browsers. ║\n║ Missing libraries:                                   ║\n║     libicudata.so.70                                 ║\n║     libicui18n.so.70                                 ║\n║     libicuuc.so.70                                   ║\n║     libvpx.so.7                                      ║\n║     libevent-2.1.so.7                                ║\n╚══════════════════════════════════════════════════════╝\n    at validateDependenciesLinux (/tmp/playwright-java-9126381418395352622/package/lib/server/registry/dependencies.js:216:9)\n    at process.processTicksAndRejections (node:internal/process/task_queues:95:5)\n    at async Registry._validateHostRequirements (/tmp/playwright-java-9126381418395352622/package/lib/server/registry/index.js:587:43)\n    at async Registry._validateHostRequirementsForExecutableIfNeeded (/tmp/playwright-java-9126381418395352622/package/lib/server/registry/index.js:685:7)\n    at async Registry.validateHostRequirementsForExecutablesIfNeeded (/tmp/playwright-java-9126381418395352622/package/lib/server/registry/index.js:674:43)\n    at async WebKit._launchProcess (/tmp/playwright-java-9126381418395352622/package/lib/server/browserType.js:167:7)\n    at async WebKit._innerLaunch (/tmp/playwright-java-9126381418395352622/package/lib/server/browserType.js:103:9)\n    at async WebKit._innerLaunchWithRetries (/tmp/playwright-java-9126381418395352622/package/lib/server/browserType.js:84:14)\n    at async ProgressController.run (/tmp/playwright-java-9126381418395352622/package/lib/server/progress.js:82:22)\n    at async WebKit.launch (/tmp/playwright-java-9126381418395352622/package/lib/server/browserType.js:61:21)\n}\n\tat com.microsoft.playwright.impl.Connection.dispatch(Connection.java:259)\n\tat com.microsoft.playwright.impl.Connection.processOneMessage(Connection.java:211)\n\tat com.microsoft.playwright.impl.ChannelOwner.runUntil(ChannelOwner.java:118)\n\t... 78 more\n"},"stage":"finished","description":"","steps":[],"attachments":[],"parameters":[],"start":1745056719693,"stop":1745056721633}